<?xml version="1.0" encoding="UTF-8"?>
<!-- Generated by org.testng.reporters.JUnitReportReporter -->
<testsuite hostname="Pratik" failures="0" tests="1" name="basicsofselenium.LaunchBrowserApprochTwo" time="7.069" errors="0" timestamp="2024-09-18T19:00:32 IST" skipped="0">
  <testcase classname="basicsofselenium.LaunchBrowserApprochTwo" name="launchBrowsertwo" time="7.069"/>
</testsuite> <!-- basicsofselenium.LaunchBrowserApprochTwo -->
