<?xml version="1.0" encoding="UTF-8"?>
<!-- Generated by org.testng.reporters.JUnitReportReporter -->
<testsuite hostname="Pratik" failures="0" tests="1" name="basicsofselenium.LaunchBrowser" time="2.653" errors="0" timestamp="2024-09-19T10:06:40 IST" skipped="0">
  <testcase classname="basicsofselenium.LaunchBrowser" name="launChromeBrowser" time="2.653"/>
</testsuite> <!-- basicsofselenium.LaunchBrowser -->
