<?xml version="1.0" encoding="UTF-8"?>
<!-- Generated by org.testng.reporters.JUnitReportReporter -->
<testsuite hostname="Pratik" failures="0" tests="1" name="basicsofselenium.WindowHandling" time="3.958" errors="0" timestamp="2024-09-26T21:05:15 IST" skipped="0">
  <testcase classname="basicsofselenium.WindowHandling" name="window" time="3.958"/>
</testsuite> <!-- basicsofselenium.WindowHandling -->
